[2025-12-07 23:40:44] [ERROR] QR scanning error - A JSONObject text must begin with '{' at 1 [character 2 line 1]
    at org.json.JSONTokener.syntaxError(JSONTokener.java:568)
    at org.json.JSONObject.<init>(JSONObject.java:220)
    at org.json.JSONObject.<init>(JSONObject.java:469)
    at org.json.JSONObject.<init>(JSONObject.java:451)
    at com.inventorysystem.gui.productsPanel.processQRCodeCommand(productsPanel.java:1655)
    at com.inventorysystem.gui.productsPanel.lambda$38(productsPanel.java:2111)
    at java.desktop/java.awt.event.InvocationEvent.dispatch(InvocationEvent.java:318)
    at java.desktop/java.awt.EventQueue.dispatchEventImpl(EventQueue.java:773)
    at java.desktop/java.awt.EventQueue$4.run(EventQueue.java:720)
    at java.desktop/java.awt.EventQueue$4.run(EventQueue.java:714)
    at java.base/java.security.AccessController.doPrivileged(AccessController.java:400)
    at java.base/java.security.ProtectionDomain$JavaSecurityAccessImpl.doIntersectionPrivilege(ProtectionDomain.java:87)
    at java.desktop/java.awt.EventQueue.dispatchEvent(EventQueue.java:742)
    at java.desktop/java.awt.EventDispatchThread.pumpOneEventForFilters(EventDispatchThread.java:203)
    at java.desktop/java.awt.EventDispatchThread.pumpEventsForFilter(EventDispatchThread.java:124)
    at java.desktop/java.awt.EventDispatchThread.pumpEventsForHierarchy(EventDispatchThread.java:113)
    at java.desktop/java.awt.EventDispatchThread.pumpEvents(EventDispatchThread.java:109)
    at java.desktop/java.awt.EventDispatchThread.pumpEvents(EventDispatchThread.java:101)
    at java.desktop/java.awt.EventDispatchThread.run(EventDispatchThread.java:90)

